# JRE version: Java(TM) SE Runtime Environment 18.9 (11.0.16.1+1) (build 11.0.16.1+1-LTS-1)
# Java VM: Java HotSpot(TM) 64-Bit Server VM 18.9 (11.0.16.1+1-LTS-1, mixed mode, tiered, compressed oops, g1 gc, windows-amd64)
Heap:
 garbage-first heap   total 315392K, used 29879K [0x0000000701000000, 0x0000000800000000)
  region size 1024K, 23 young (23552K), 11 survivors (11264K)
 Metaspace       used 50846K, capacity 52121K, committed 52224K, reserved 1095680K
  class space    used 6333K, capacity 6869K, committed 6912K, reserved 1048576K
GC Heap History (10 events):
Event: 0.432 GC heap before
{Heap before GC invocations=0 (full 0):
 garbage-first heap   total 262144K, used 24576K [0x0000000701000000, 0x0000000800000000)
  region size 1024K, 24 young (24576K), 0 survivors (0K)
 Metaspace       used 11725K, capacity 11959K, committed 12032K, reserved 1060864K
  class space    used 1176K, capacity 1252K, committed 1280K, reserved 1048576K
}
Event: 0.435 GC heap after
{Heap after GC invocations=1 (full 0):
 garbage-first heap   total 262144K, used 6362K [0x0000000701000000, 0x0000000800000000)
  region size 1024K, 3 young (3072K), 3 survivors (3072K)
 Metaspace       used 11725K, capacity 11959K, committed 12032K, reserved 1060864K
  class space    used 1176K, capacity 1252K, committed 1280K, reserved 1048576K
}
Event: 0.802 GC heap before
{Heap before GC invocations=1 (full 0):
 garbage-first heap   total 262144K, used 46298K [0x0000000701000000, 0x0000000800000000)
  region size 1024K, 43 young (44032K), 3 survivors (3072K)
 Metaspace       used 20604K, capacity 21170K, committed 21504K, reserved 1069056K
  class space    used 2259K, capacity 2464K, committed 2560K, reserved 1048576K
}
Event: 0.806 GC heap after
{Heap after GC invocations=2 (full 0):
 garbage-first heap   total 262144K, used 8353K [0x0000000701000000, 0x0000000800000000)
  region size 1024K, 5 young (5120K), 5 survivors (5120K)
 Metaspace       used 20604K, capacity 21170K, committed 21504K, reserved 1069056K
  class space    used 2259K, capacity 2464K, committed 2560K, reserved 1048576K
}
Event: 1.144 GC heap before
{Heap before GC invocations=3 (full 0):
 garbage-first heap   total 262144K, used 56481K [0x0000000701000000, 0x0000000800000000)
  region size 1024K, 52 young (53248K), 5 survivors (5120K)
 Metaspace       used 25721K, capacity 26355K, committed 26496K, reserved 1073152K
  class space    used 2918K, capacity 3174K, committed 3200K, reserved 1048576K
}
Event: 1.148 GC heap after
{Heap after GC invocations=4 (full 0):
 garbage-first heap   total 262144K, used 10217K [0x0000000701000000, 0x0000000800000000)
  region size 1024K, 4 young (4096K), 4 survivors (4096K)
 Metaspace       used 25721K, capacity 26355K, committed 26496K, reserved 1073152K
  class space    used 2918K, capacity 3174K, committed 3200K, reserved 1048576K
}
Event: 2.140 GC heap before
{Heap before GC invocations=4 (full 0):
 garbage-first heap   total 262144K, used 72681K [0x0000000701000000, 0x0000000800000000)
  region size 1024K, 66 young (67584K), 4 survivors (4096K)
 Metaspace       used 34812K, capacity 35787K, committed 35840K, reserved 1081344K
  class space    used 4068K, capacity 4478K, committed 4480K, reserved 1048576K
}
Event: 2.146 GC heap after
{Heap after GC invocations=5 (full 0):
 garbage-first heap   total 262144K, used 13854K [0x0000000701000000, 0x0000000800000000)
  region size 1024K, 8 young (8192K), 8 survivors (8192K)
 Metaspace       used 34812K, capacity 35787K, committed 35840K, reserved 1081344K
  class space    used 4068K, capacity 4478K, committed 4480K, reserved 1048576K
}
Event: 3.231 GC heap before
{Heap before GC invocations=6 (full 0):
 garbage-first heap   total 262144K, used 106014K [0x0000000701000000, 0x0000000800000000)
  region size 1024K, 98 young (100352K), 8 survivors (8192K)
 Metaspace       used 49880K, capacity 51095K, committed 51328K, reserved 1093632K
  class space    used 6205K, capacity 6741K, committed 6784K, reserved 1048576K
}
Event: 3.240 GC heap after
{Heap after GC invocations=7 (full 0):
 garbage-first heap   total 315392K, used 18615K [0x0000000701000000, 0x0000000800000000)
  region size 1024K, 11 young (11264K), 11 survivors (11264K)
 Metaspace       used 49880K, capacity 51095K, committed 51328K, reserved 1093632K
  class space    used 6205K, capacity 6741K, committed 6784K, reserved 1048576K
}

